2026-02-27T10:35:48.097+09:00 	WATCHING(POLL): C:\Users\sirok\MoCKA\governance\infield\index
2026-02-27T10:35:48.139+09:00 	RUNNER:         C:\Users\sirok\MoCKA\governance\outfield\run_outfield_export_A.ps1
2026-02-27T10:35:48.142+09:00 	LOG:            C:\Users\sirok\MoCKA\governance\outfield\state\watcher_poll.log
2026-02-27T10:35:48.144+09:00 	Press Ctrl+C to stop.
2026-02-27T10:35:48.202+09:00 	CHANGE_DETECTED: 19db489001a668fea9735ea202d7cd597d6362ca440a15c0c819954be744ed1f
2026-02-27T10:35:52.468+09:00 	RUNNER_OUTPUT_BEGIN
2026-02-27T10:35:52.498+09:00 	EXPORT_OK: C:\Users\sirok\MoCKA\governance\outfield\phase24_export_A.csv
2026-02-27T10:35:52.501+09:00 	ROWS: 6
2026-02-27T10:35:52.504+09:00 	書き込み完了
2026-02-27T10:35:52.507+09:00 	RESULT: PUSH_OK
2026-02-27T10:35:52.509+09:00 	ROWS: 6
2026-02-27T10:35:52.511+09:00 	RUNNER_OUTPUT_END
2026-02-27T10:36:20.757+09:00 	CHANGE_DETECTED: abf94fe5bc5089ce97ae6f68c27935bc94db31acdc919db5671b33ed514e0987
2026-02-27T10:36:24.832+09:00 	RUNNER_OUTPUT_BEGIN
2026-02-27T10:36:24.840+09:00 	EXPORT_OK: C:\Users\sirok\MoCKA\governance\outfield\phase24_export_A.csv
2026-02-27T10:36:24.842+09:00 	ROWS: 7
2026-02-27T10:36:24.844+09:00 	書き込み完了
2026-02-27T10:36:24.845+09:00 	RESULT: PUSH_OK
2026-02-27T10:36:24.847+09:00 	ROWS: 7
2026-02-27T10:36:24.849+09:00 	RUNNER_OUTPUT_END
